Obtaining JSON from switch...
Done
Control utility for runtime P4 table manipulation
RuntimeCmd: Setting default action of ipv4_lpm
action:              drop
runtime data:        
RuntimeCmd: Setting default action of ecmp_group
action:              drop
runtime data:        
RuntimeCmd: Setting default action of ecmp_nhop
action:              drop
runtime data:        
RuntimeCmd: Adding entry to lpm match table ipv4_lpm
match key:           LPM-0a:00:01:01/32
action:              set_nhop
runtime data:        00:00:0a:00:01:01	00:01
Entry has been added with handle 0
RuntimeCmd: Adding entry to lpm match table ipv4_lpm
match key:           LPM-0a:00:01:02/32
action:              set_nhop
runtime data:        00:00:0a:00:01:02	00:02
Entry has been added with handle 1
RuntimeCmd: Adding entry to lpm match table ecmp_group
match key:           LPM-00:00:00:00/0
action:              set_ecmp_select
runtime data:        00:01	00:02
Entry has been added with handle 0
RuntimeCmd: Adding entry to exact match table ecmp_nhop
match key:           EXACT-00:01	EXACT-00:00
action:              set_nhop
runtime data:        0e:a0:86:05:49:14	00:03
Entry has been added with handle 0
RuntimeCmd: Adding entry to exact match table ecmp_nhop
match key:           EXACT-00:01	EXACT-00:01
action:              set_nhop
runtime data:        96:17:1f:b8:43:54	00:04
Entry has been added with handle 1
RuntimeCmd: 
